2018-08-01 21:31:37.634  INFO 2253 --- [main] com.wechat.sell.LoggerTest                : Starting LoggerTest on liweijundeMacBook-Pro.local with PID 2253 (started by liweijun in /Users/liweijun/Downloads/sell)
2018-08-01 21:31:37.636  INFO 2253 --- [main] com.wechat.sell.LoggerTest                : No active profile set, falling back to default profiles: default
2018-08-01 21:31:37.681  INFO 2253 --- [main] o.s.w.c.s.GenericWebApplicationContext   : Refreshing org.springframework.web.context.support.GenericWebApplicationContext@117159c0: startup date [Wed Aug 01 21:31:37 CST 2018]; root of context hierarchy
2018-08-01 21:31:38.372  INFO 2253 --- [main] .s.d.r.c.RepositoryConfigurationDelegate : Multiple Spring Data modules found, entering strict repository configuration mode!
2018-08-01 21:31:38.695  INFO 2253 --- [main] f.a.AutowiredAnnotationBeanPostProcessor : JSR-330 'javax.inject.Inject' annotation found and supported for autowiring
2018-08-01 21:31:39.425  INFO 2253 --- [main] s.w.s.m.m.a.RequestMappingHandlerAdapter : Looking for @ControllerAdvice: org.springframework.web.context.support.GenericWebApplicationContext@117159c0: startup date [Wed Aug 01 21:31:37 CST 2018]; root of context hierarchy
2018-08-01 21:31:39.504  INFO 2253 --- [main] s.w.s.m.m.a.RequestMappingHandlerMapping : Mapped "{[/error]}" onto public org.springframework.http.ResponseEntity<java.util.Map<java.lang.String, java.lang.Object>> org.springframework.boot.autoconfigure.web.BasicErrorController.error(javax.servlet.http.HttpServletRequest)
2018-08-01 21:31:39.506  INFO 2253 --- [main] s.w.s.m.m.a.RequestMappingHandlerMapping : Mapped "{[/error],produces=[text/html]}" onto public org.springframework.web.servlet.ModelAndView org.springframework.boot.autoconfigure.web.BasicErrorController.errorHtml(javax.servlet.http.HttpServletRequest,javax.servlet.http.HttpServletResponse)
2018-08-01 21:31:39.529  INFO 2253 --- [main] o.s.w.s.handler.SimpleUrlHandlerMapping  : Mapped URL path [/webjars/**] onto handler of type [class org.springframework.web.servlet.resource.ResourceHttpRequestHandler]
2018-08-01 21:31:39.529  INFO 2253 --- [main] o.s.w.s.handler.SimpleUrlHandlerMapping  : Mapped URL path [/**] onto handler of type [class org.springframework.web.servlet.resource.ResourceHttpRequestHandler]
2018-08-01 21:31:39.561  INFO 2253 --- [main] o.s.w.s.handler.SimpleUrlHandlerMapping  : Mapped URL path [/**/favicon.ico] onto handler of type [class org.springframework.web.servlet.resource.ResourceHttpRequestHandler]
2018-08-01 21:31:39.914  INFO 2253 --- [main] o.s.ui.freemarker.SpringTemplateLoader   : SpringTemplateLoader for FreeMarker: using resource loader [org.springframework.web.context.support.GenericWebApplicationContext@117159c0: startup date [Wed Aug 01 21:31:37 CST 2018]; root of context hierarchy] and template loader path [classpath:/templates/]
2018-08-01 21:31:39.915  INFO 2253 --- [main] o.s.w.s.v.f.FreeMarkerConfigurer         : ClassTemplateLoader for Spring macros added to FreeMarker configuration
2018-08-01 21:31:39.936  WARN 2253 --- [main] o.s.b.a.f.FreeMarkerAutoConfiguration    : Cannot find template location(s): [classpath:/templates/] (please add some templates, check your FreeMarker configuration, or set spring.freemarker.checkTemplateLocation=false)
2018-08-01 21:31:40.043  INFO 2253 --- [main] com.wechat.sell.LoggerTest                : Started LoggerTest in 3.031 seconds (JVM running for 3.689)
2018-08-01 21:31:40.083  INFO 2253 --- [main] com.wechat.sell.LoggerTest                : info...
2018-08-01 21:31:40.083 ERROR 2253 --- [main] com.wechat.sell.LoggerTest                : error...
2018-08-01 21:31:40.088  INFO 2253 --- [Thread-4] o.s.w.c.s.GenericWebApplicationContext   : Closing org.springframework.web.context.support.GenericWebApplicationContext@117159c0: startup date [Wed Aug 01 21:31:37 CST 2018]; root of context hierarchy
2018-08-01 21:32:24.135  INFO 2255 --- [main] com.wechat.sell.LoggerTest                : Starting LoggerTest on liweijundeMacBook-Pro.local with PID 2255 (started by liweijun in /Users/liweijun/Downloads/sell)
2018-08-01 21:32:24.137  INFO 2255 --- [main] com.wechat.sell.LoggerTest                : No active profile set, falling back to default profiles: default
2018-08-01 21:32:24.198  INFO 2255 --- [main] o.s.w.c.s.GenericWebApplicationContext   : Refreshing org.springframework.web.context.support.GenericWebApplicationContext@117159c0: startup date [Wed Aug 01 21:32:24 CST 2018]; root of context hierarchy
2018-08-01 21:32:24.959  INFO 2255 --- [main] .s.d.r.c.RepositoryConfigurationDelegate : Multiple Spring Data modules found, entering strict repository configuration mode!
2018-08-01 21:32:25.304  INFO 2255 --- [main] f.a.AutowiredAnnotationBeanPostProcessor : JSR-330 'javax.inject.Inject' annotation found and supported for autowiring
2018-08-01 21:32:26.054  INFO 2255 --- [main] s.w.s.m.m.a.RequestMappingHandlerAdapter : Looking for @ControllerAdvice: org.springframework.web.context.support.GenericWebApplicationContext@117159c0: startup date [Wed Aug 01 21:32:24 CST 2018]; root of context hierarchy
2018-08-01 21:32:26.115  INFO 2255 --- [main] s.w.s.m.m.a.RequestMappingHandlerMapping : Mapped "{[/error]}" onto public org.springframework.http.ResponseEntity<java.util.Map<java.lang.String, java.lang.Object>> org.springframework.boot.autoconfigure.web.BasicErrorController.error(javax.servlet.http.HttpServletRequest)
2018-08-01 21:32:26.116  INFO 2255 --- [main] s.w.s.m.m.a.RequestMappingHandlerMapping : Mapped "{[/error],produces=[text/html]}" onto public org.springframework.web.servlet.ModelAndView org.springframework.boot.autoconfigure.web.BasicErrorController.errorHtml(javax.servlet.http.HttpServletRequest,javax.servlet.http.HttpServletResponse)
2018-08-01 21:32:26.140  INFO 2255 --- [main] o.s.w.s.handler.SimpleUrlHandlerMapping  : Mapped URL path [/webjars/**] onto handler of type [class org.springframework.web.servlet.resource.ResourceHttpRequestHandler]
2018-08-01 21:32:26.140  INFO 2255 --- [main] o.s.w.s.handler.SimpleUrlHandlerMapping  : Mapped URL path [/**] onto handler of type [class org.springframework.web.servlet.resource.ResourceHttpRequestHandler]
2018-08-01 21:32:26.176  INFO 2255 --- [main] o.s.w.s.handler.SimpleUrlHandlerMapping  : Mapped URL path [/**/favicon.ico] onto handler of type [class org.springframework.web.servlet.resource.ResourceHttpRequestHandler]
2018-08-01 21:32:26.539  INFO 2255 --- [main] o.s.ui.freemarker.SpringTemplateLoader   : SpringTemplateLoader for FreeMarker: using resource loader [org.springframework.web.context.support.GenericWebApplicationContext@117159c0: startup date [Wed Aug 01 21:32:24 CST 2018]; root of context hierarchy] and template loader path [classpath:/templates/]
2018-08-01 21:32:26.541  INFO 2255 --- [main] o.s.w.s.v.f.FreeMarkerConfigurer         : ClassTemplateLoader for Spring macros added to FreeMarker configuration
2018-08-01 21:32:26.565  WARN 2255 --- [main] o.s.b.a.f.FreeMarkerAutoConfiguration    : Cannot find template location(s): [classpath:/templates/] (please add some templates, check your FreeMarker configuration, or set spring.freemarker.checkTemplateLocation=false)
2018-08-01 21:32:26.710  INFO 2255 --- [main] com.wechat.sell.LoggerTest                : Started LoggerTest in 3.026 seconds (JVM running for 3.71)
2018-08-01 21:32:26.743  INFO 2255 --- [main] com.wechat.sell.LoggerTest                : info...
2018-08-01 21:32:26.743 ERROR 2255 --- [main] com.wechat.sell.LoggerTest                : error...
2018-08-01 21:32:26.746  INFO 2255 --- [Thread-4] o.s.w.c.s.GenericWebApplicationContext   : Closing org.springframework.web.context.support.GenericWebApplicationContext@117159c0: startup date [Wed Aug 01 21:32:24 CST 2018]; root of context hierarchy
2018-08-01 21:33:06.945  INFO 2257 --- [main] com.wechat.sell.LoggerTest                : Starting LoggerTest on liweijundeMacBook-Pro.local with PID 2257 (started by liweijun in /Users/liweijun/Downloads/sell)
2018-08-01 21:33:06.946  INFO 2257 --- [main] com.wechat.sell.LoggerTest                : No active profile set, falling back to default profiles: default
2018-08-01 21:33:07.016  INFO 2257 --- [main] o.s.w.c.s.GenericWebApplicationContext   : Refreshing org.springframework.web.context.support.GenericWebApplicationContext@117159c0: startup date [Wed Aug 01 21:33:07 CST 2018]; root of context hierarchy
2018-08-01 21:33:07.665  INFO 2257 --- [main] .s.d.r.c.RepositoryConfigurationDelegate : Multiple Spring Data modules found, entering strict repository configuration mode!
2018-08-01 21:33:07.967  INFO 2257 --- [main] f.a.AutowiredAnnotationBeanPostProcessor : JSR-330 'javax.inject.Inject' annotation found and supported for autowiring
2018-08-01 21:33:08.681  INFO 2257 --- [main] s.w.s.m.m.a.RequestMappingHandlerAdapter : Looking for @ControllerAdvice: org.springframework.web.context.support.GenericWebApplicationContext@117159c0: startup date [Wed Aug 01 21:33:07 CST 2018]; root of context hierarchy
2018-08-01 21:33:08.751  INFO 2257 --- [main] s.w.s.m.m.a.RequestMappingHandlerMapping : Mapped "{[/error]}" onto public org.springframework.http.ResponseEntity<java.util.Map<java.lang.String, java.lang.Object>> org.springframework.boot.autoconfigure.web.BasicErrorController.error(javax.servlet.http.HttpServletRequest)
2018-08-01 21:33:08.753  INFO 2257 --- [main] s.w.s.m.m.a.RequestMappingHandlerMapping : Mapped "{[/error],produces=[text/html]}" onto public org.springframework.web.servlet.ModelAndView org.springframework.boot.autoconfigure.web.BasicErrorController.errorHtml(javax.servlet.http.HttpServletRequest,javax.servlet.http.HttpServletResponse)
2018-08-01 21:33:08.779  INFO 2257 --- [main] o.s.w.s.handler.SimpleUrlHandlerMapping  : Mapped URL path [/webjars/**] onto handler of type [class org.springframework.web.servlet.resource.ResourceHttpRequestHandler]
2018-08-01 21:33:08.780  INFO 2257 --- [main] o.s.w.s.handler.SimpleUrlHandlerMapping  : Mapped URL path [/**] onto handler of type [class org.springframework.web.servlet.resource.ResourceHttpRequestHandler]
2018-08-01 21:33:08.816  INFO 2257 --- [main] o.s.w.s.handler.SimpleUrlHandlerMapping  : Mapped URL path [/**/favicon.ico] onto handler of type [class org.springframework.web.servlet.resource.ResourceHttpRequestHandler]
2018-08-01 21:33:09.196  INFO 2257 --- [main] o.s.ui.freemarker.SpringTemplateLoader   : SpringTemplateLoader for FreeMarker: using resource loader [org.springframework.web.context.support.GenericWebApplicationContext@117159c0: startup date [Wed Aug 01 21:33:07 CST 2018]; root of context hierarchy] and template loader path [classpath:/templates/]
2018-08-01 21:33:09.197  INFO 2257 --- [main] o.s.w.s.v.f.FreeMarkerConfigurer         : ClassTemplateLoader for Spring macros added to FreeMarker configuration
2018-08-01 21:33:09.227  WARN 2257 --- [main] o.s.b.a.f.FreeMarkerAutoConfiguration    : Cannot find template location(s): [classpath:/templates/] (please add some templates, check your FreeMarker configuration, or set spring.freemarker.checkTemplateLocation=false)
2018-08-01 21:33:09.395  INFO 2257 --- [main] com.wechat.sell.LoggerTest                : Started LoggerTest in 2.831 seconds (JVM running for 3.456)
2018-08-01 21:33:09.440  INFO 2257 --- [main] com.wechat.sell.LoggerTest                : info...
2018-08-01 21:33:09.440 ERROR 2257 --- [main] com.wechat.sell.LoggerTest                : error...
2018-08-01 21:33:09.445  INFO 2257 --- [Thread-4] o.s.w.c.s.GenericWebApplicationContext   : Closing org.springframework.web.context.support.GenericWebApplicationContext@117159c0: startup date [Wed Aug 01 21:33:07 CST 2018]; root of context hierarchy
2018-08-01 21:33:24.892  INFO 2259 --- [main] com.wechat.sell.LoggerTest                : Starting LoggerTest on liweijundeMacBook-Pro.local with PID 2259 (started by liweijun in /Users/liweijun/Downloads/sell)
2018-08-01 21:33:24.893 DEBUG 2259 --- [main] com.wechat.sell.LoggerTest                : Running with Spring Boot v1.5.3.RELEASE, Spring v4.3.8.RELEASE
2018-08-01 21:33:24.893  INFO 2259 --- [main] com.wechat.sell.LoggerTest                : No active profile set, falling back to default profiles: default
2018-08-01 21:33:24.954  INFO 2259 --- [main] o.s.w.c.s.GenericWebApplicationContext   : Refreshing org.springframework.web.context.support.GenericWebApplicationContext@117159c0: startup date [Wed Aug 01 21:33:24 CST 2018]; root of context hierarchy
2018-08-01 21:33:25.626  INFO 2259 --- [main] .s.d.r.c.RepositoryConfigurationDelegate : Multiple Spring Data modules found, entering strict repository configuration mode!
2018-08-01 21:33:25.934  INFO 2259 --- [main] f.a.AutowiredAnnotationBeanPostProcessor : JSR-330 'javax.inject.Inject' annotation found and supported for autowiring
2018-08-01 21:33:26.670  INFO 2259 --- [main] s.w.s.m.m.a.RequestMappingHandlerAdapter : Looking for @ControllerAdvice: org.springframework.web.context.support.GenericWebApplicationContext@117159c0: startup date [Wed Aug 01 21:33:24 CST 2018]; root of context hierarchy
2018-08-01 21:33:26.739  INFO 2259 --- [main] s.w.s.m.m.a.RequestMappingHandlerMapping : Mapped "{[/error]}" onto public org.springframework.http.ResponseEntity<java.util.Map<java.lang.String, java.lang.Object>> org.springframework.boot.autoconfigure.web.BasicErrorController.error(javax.servlet.http.HttpServletRequest)
2018-08-01 21:33:26.740  INFO 2259 --- [main] s.w.s.m.m.a.RequestMappingHandlerMapping : Mapped "{[/error],produces=[text/html]}" onto public org.springframework.web.servlet.ModelAndView org.springframework.boot.autoconfigure.web.BasicErrorController.errorHtml(javax.servlet.http.HttpServletRequest,javax.servlet.http.HttpServletResponse)
2018-08-01 21:33:26.766  INFO 2259 --- [main] o.s.w.s.handler.SimpleUrlHandlerMapping  : Mapped URL path [/webjars/**] onto handler of type [class org.springframework.web.servlet.resource.ResourceHttpRequestHandler]
2018-08-01 21:33:26.766  INFO 2259 --- [main] o.s.w.s.handler.SimpleUrlHandlerMapping  : Mapped URL path [/**] onto handler of type [class org.springframework.web.servlet.resource.ResourceHttpRequestHandler]
2018-08-01 21:33:26.800  INFO 2259 --- [main] o.s.w.s.handler.SimpleUrlHandlerMapping  : Mapped URL path [/**/favicon.ico] onto handler of type [class org.springframework.web.servlet.resource.ResourceHttpRequestHandler]
2018-08-01 21:33:27.148  INFO 2259 --- [main] o.s.ui.freemarker.SpringTemplateLoader   : SpringTemplateLoader for FreeMarker: using resource loader [org.springframework.web.context.support.GenericWebApplicationContext@117159c0: startup date [Wed Aug 01 21:33:24 CST 2018]; root of context hierarchy] and template loader path [classpath:/templates/]
2018-08-01 21:33:27.149  INFO 2259 --- [main] o.s.w.s.v.f.FreeMarkerConfigurer         : ClassTemplateLoader for Spring macros added to FreeMarker configuration
2018-08-01 21:33:27.167  WARN 2259 --- [main] o.s.b.a.f.FreeMarkerAutoConfiguration    : Cannot find template location(s): [classpath:/templates/] (please add some templates, check your FreeMarker configuration, or set spring.freemarker.checkTemplateLocation=false)
2018-08-01 21:33:27.268  INFO 2259 --- [main] com.wechat.sell.LoggerTest                : Started LoggerTest in 2.843 seconds (JVM running for 3.496)
2018-08-01 21:33:27.303 DEBUG 2259 --- [main] com.wechat.sell.LoggerTest                : debug...
2018-08-01 21:33:27.303  INFO 2259 --- [main] com.wechat.sell.LoggerTest                : info...
2018-08-01 21:33:27.303 ERROR 2259 --- [main] com.wechat.sell.LoggerTest                : error...
2018-08-01 21:33:27.308  INFO 2259 --- [Thread-4] o.s.w.c.s.GenericWebApplicationContext   : Closing org.springframework.web.context.support.GenericWebApplicationContext@117159c0: startup date [Wed Aug 01 21:33:24 CST 2018]; root of context hierarchy
